estudos/dashclock_api_16/apk/manifest-merger-publicBeta-report.txt
-- Merging decision tree log ---
manifest
ADDED from AndroidManifest.xml:17:1
	package
		ADDED from AndroidManifest.xml:18:5
	android:versionName
		ADDED from AndroidManifest.xml:20:5
		INJECTED from AndroidManifest.xml:0:0
		INJECTED from AndroidManifest.xml:0:0
	xmlns:tools
		ADDED from AndroidManifest.xml:21:5
	android:versionCode
		ADDED from AndroidManifest.xml:19:5
		INJECTED from AndroidManifest.xml:0:0
		INJECTED from AndroidManifest.xml:0:0
	xmlns:android
		ADDED from AndroidManifest.xml:17:11
uses-feature#android.hardware.telephony
ADDED from AndroidManifest.xml:23:5
	android:required
		ADDED from AndroidManifest.xml:23:61
	android:name
		ADDED from AndroidManifest.xml:23:19
uses-feature#android.hardware.location
ADDED from AndroidManifest.xml:24:5
	android:required
		ADDED from AndroidManifest.xml:24:60
	android:name
		ADDED from AndroidManifest.xml:24:19
uses-feature#android.hardware.location.network
ADDED from AndroidManifest.xml:25:5
	android:required
		ADDED from AndroidManifest.xml:25:68
	android:name
		ADDED from AndroidManifest.xml:25:19
uses-feature#android.hardware.touchscreen
ADDED from AndroidManifest.xml:26:5
	android:required
		ADDED from AndroidManifest.xml:26:63
	android:name
		ADDED from AndroidManifest.xml:26:19
uses-permission#android.permission.WAKE_LOCK
ADDED from AndroidManifest.xml:29:5
	android:name
		ADDED from AndroidManifest.xml:29:22
uses-permission#android.permission.VIBRATE
ADDED from AndroidManifest.xml:30:5
	android:name
		ADDED from AndroidManifest.xml:30:22
uses-permission#android.permission.INTERNET
ADDED from AndroidManifest.xml:33:5
	android:name
		ADDED from AndroidManifest.xml:33:22
uses-permission#android.permission.ACCESS_NETWORK_STATE
ADDED from AndroidManifest.xml:34:5
	android:name
		ADDED from AndroidManifest.xml:34:22
uses-permission#android.permission.ACCESS_COARSE_LOCATION
ADDED from AndroidManifest.xml:35:5
	android:name
		ADDED from AndroidManifest.xml:35:22
uses-permission#android.permission.GET_ACCOUNTS
ADDED from AndroidManifest.xml:38:5
	android:name
		ADDED from AndroidManifest.xml:38:22
uses-permission#com.google.android.gm.permission.READ_CONTENT_PROVIDER
ADDED from AndroidManifest.xml:39:5
	android:name
		ADDED from AndroidManifest.xml:39:22
uses-permission#android.permission.READ_CALENDAR
ADDED from AndroidManifest.xml:42:5
	android:name
		ADDED from AndroidManifest.xml:42:22
uses-permission#android.permission.READ_CALL_LOG
ADDED from AndroidManifest.xml:45:5
	android:name
		ADDED from AndroidManifest.xml:45:22
uses-permission#android.permission.READ_CONTACTS
ADDED from AndroidManifest.xml:48:5
	android:name
		ADDED from AndroidManifest.xml:48:22
uses-permission#android.permission.READ_SMS
ADDED from AndroidManifest.xml:49:5
	android:name
		ADDED from AndroidManifest.xml:49:22
permission#com.google.android.apps.dashclock.permission.READ_EXTENSION_DATA
ADDED from AndroidManifest.xml:54:5
	android:label
		ADDED from AndroidManifest.xml:56:9
	android:protectionLevel
		ADDED from AndroidManifest.xml:58:9
	android:description
		ADDED from AndroidManifest.xml:57:9
	android:name
		ADDED from AndroidManifest.xml:55:9
permission#com.google.android.apps.dashclock.permission.BIND_DATA_CONSUMER
ADDED from AndroidManifest.xml:60:5
	android:label
		ADDED from AndroidManifest.xml:62:9
	android:protectionLevel
		ADDED from AndroidManifest.xml:64:9
	android:description
		ADDED from AndroidManifest.xml:63:9
	android:name
		ADDED from AndroidManifest.xml:61:9
uses-permission#com.google.android.apps.dashclock.permission.READ_EXTENSION_DATA
ADDED from AndroidManifest.xml:66:5
	android:name
		ADDED from AndroidManifest.xml:66:22
uses-permission#com.google.android.apps.dashclock.permission.BIND_DATA_CONSUMER
ADDED from AndroidManifest.xml:67:5
	android:name
		ADDED from AndroidManifest.xml:67:22
application
ADDED from AndroidManifest.xml:69:5
MERGED from com.android.support:support-v13:21.0.3:16:5
MERGED from com.android.support:support-v4:22.1.0:22:5
MERGED from com.android.support:appcompat-v7:22.1.0:22:5
MERGED from com.android.support:support-v4:22.1.0:22:5
MERGED from com.google.android.gms:play-services-base:7.0.0:20:5
MERGED from com.android.support:support-v4:22.1.0:22:5
MERGED from com.google.android.gms:play-services-location:7.0.0:19:5
MERGED from com.google.android.gms:play-services-base:7.0.0:20:5
MERGED from com.android.support:support-v4:22.1.0:22:5
MERGED from com.google.android.gms:play-services-maps:7.0.0:19:5
MERGED from com.google.android.gms:play-services-base:7.0.0:20:5
MERGED from com.android.support:support-v4:22.1.0:22:5
MERGED from com.android.support:support-v4:22.1.0:22:5
	android:backupAgent
		ADDED from AndroidManifest.xml:74:9
	android:label
		ADDED from AndroidManifest.xml:71:9
	android:allowBackup
		ADDED from AndroidManifest.xml:70:9
	android:icon
		ADDED from AndroidManifest.xml:72:9
	android:restoreAnyVersion
		ADDED from AndroidManifest.xml:75:9
	android:theme
		ADDED from AndroidManifest.xml:73:9
receiver#com.google.android.apps.dashclock.WidgetProvider
ADDED from AndroidManifest.xml:77:9
	android:label
		ADDED from AndroidManifest.xml:78:13
	android:name
		ADDED from AndroidManifest.xml:77:19
intent-filter#android.appwidget.action.APPWIDGET_UPDATE
ADDED from AndroidManifest.xml:79:13
action#android.appwidget.action.APPWIDGET_UPDATE
ADDED from AndroidManifest.xml:80:17
	android:name
		ADDED from AndroidManifest.xml:80:25
meta-data#android.appwidget.provider
ADDED from AndroidManifest.xml:82:13
	android:resource
		ADDED from AndroidManifest.xml:84:17
	android:name
		ADDED from AndroidManifest.xml:83:17
service#com.google.android.apps.dashclock.render.WidgetRemoteViewsFactoryService
ADDED from AndroidManifest.xml:87:9
	android:exported
		ADDED from AndroidManifest.xml:90:13
	android:permission
		ADDED from AndroidManifest.xml:89:13
	android:name
		ADDED from AndroidManifest.xml:88:13
service#com.google.android.apps.dashclock.DashClockService
ADDED from AndroidManifest.xml:92:9
	android:exported
		ADDED from AndroidManifest.xml:93:13
	tools:ignore
		ADDED from AndroidManifest.xml:94:13
	android:name
		ADDED from AndroidManifest.xml:92:18
activity#com.google.android.apps.dashclock.configuration.ConfigurationActivity
ADDED from AndroidManifest.xml:96:9
	android:label
		ADDED from AndroidManifest.xml:98:13
	android:launchMode
		ADDED from AndroidManifest.xml:100:13
	android:exported
		ADDED from AndroidManifest.xml:101:13
	android:theme
		ADDED from AndroidManifest.xml:99:13
	android:name
		ADDED from AndroidManifest.xml:97:13
intent-filter#android.appwidget.action.APPWIDGET_CONFIGURE
ADDED from AndroidManifest.xml:102:13
action#android.appwidget.action.APPWIDGET_CONFIGURE
ADDED from AndroidManifest.xml:103:17
	android:name
		ADDED from AndroidManifest.xml:103:25
intent-filter#android.intent.action.CREATE_SHORTCUT+android.intent.category.DEFAULT
ADDED from AndroidManifest.xml:105:13
action#android.intent.action.CREATE_SHORTCUT
ADDED from AndroidManifest.xml:106:17
	android:name
		ADDED from AndroidManifest.xml:106:25
category#android.intent.category.DEFAULT
ADDED from AndroidManifest.xml:107:17
	android:name
		ADDED from AndroidManifest.xml:107:27
activity-alias#com.google.android.apps.dashclock.configuration.ConfigurationLauncherActivity
ADDED from AndroidManifest.xml:111:9
	android:enabled
		ADDED from AndroidManifest.xml:114:13
	android:targetActivity
		ADDED from AndroidManifest.xml:113:13
	android:name
		ADDED from AndroidManifest.xml:112:13
intent-filter#android.intent.action.MAIN+android.intent.category.LAUNCHER
ADDED from AndroidManifest.xml:115:13
action#android.intent.action.MAIN
ADDED from AndroidManifest.xml:116:17
	android:name
		ADDED from AndroidManifest.xml:116:25
category#android.intent.category.LAUNCHER
ADDED from AndroidManifest.xml:117:17
	android:name
		ADDED from AndroidManifest.xml:117:27
activity#com.google.android.apps.dashclock.WidgetClickProxyActivity
ADDED from AndroidManifest.xml:123:9
	android:configChanges
		ADDED from AndroidManifest.xml:125:13
	android:theme
		ADDED from AndroidManifest.xml:126:13
	android:name
		ADDED from AndroidManifest.xml:124:13
service#com.google.android.apps.dashclock.weather.WeatherExtension
ADDED from AndroidManifest.xml:130:9
	android:label
		ADDED from AndroidManifest.xml:132:13
	android:permission
		ADDED from AndroidManifest.xml:134:13
	android:icon
		ADDED from AndroidManifest.xml:133:13
	android:name
		ADDED from AndroidManifest.xml:131:13
intent-filter#com.google.android.apps.dashclock.Extension
ADDED from AndroidManifest.xml:135:13
	android:priority
		ADDED from AndroidManifest.xml:135:28
action#com.google.android.apps.dashclock.Extension
ADDED from AndroidManifest.xml:136:17
	android:name
		ADDED from AndroidManifest.xml:136:25
meta-data#protocolVersion
ADDED from AndroidManifest.xml:139:13
	android:value
		ADDED from AndroidManifest.xml:140:17
	android:name
		ADDED from AndroidManifest.xml:139:24
meta-data#worldReadable
ADDED from AndroidManifest.xml:141:13
	android:value
		ADDED from AndroidManifest.xml:141:53
	android:name
		ADDED from AndroidManifest.xml:141:24
meta-data#description
ADDED from AndroidManifest.xml:142:13
	android:value
		ADDED from AndroidManifest.xml:143:17
	android:name
		ADDED from AndroidManifest.xml:142:24
meta-data#settingsActivity
ADDED from AndroidManifest.xml:144:13
	android:value
		ADDED from AndroidManifest.xml:145:17
	android:name
		ADDED from AndroidManifest.xml:144:24
receiver#com.google.android.apps.dashclock.weather.WeatherRetryReceiver
ADDED from AndroidManifest.xml:148:9
	android:name
		ADDED from AndroidManifest.xml:148:19
activity#com.google.android.apps.dashclock.weather.WeatherSettingsActivity
ADDED from AndroidManifest.xml:150:9
	android:label
		ADDED from AndroidManifest.xml:152:13
	android:theme
		ADDED from AndroidManifest.xml:151:13
	android:name
		ADDED from AndroidManifest.xml:150:19
service#com.google.android.apps.dashclock.nextalarm.NextAlarmExtension
ADDED from AndroidManifest.xml:154:9
	android:label
		ADDED from AndroidManifest.xml:157:13
	android:permission
		ADDED from AndroidManifest.xml:158:13
	android:icon
		ADDED from AndroidManifest.xml:156:13
	android:name
		ADDED from AndroidManifest.xml:155:13
activity#com.google.android.apps.dashclock.nextalarm.NextAlarmSettingsActivity
ADDED from AndroidManifest.xml:171:9
	android:label
		ADDED from AndroidManifest.xml:173:13
	android:theme
		ADDED from AndroidManifest.xml:172:13
	android:name
		ADDED from AndroidManifest.xml:171:19
service#com.google.android.apps.dashclock.gmail.GmailExtension
ADDED from AndroidManifest.xml:175:9
	android:label
		ADDED from AndroidManifest.xml:178:13
	android:permission
		ADDED from AndroidManifest.xml:179:13
	android:icon
		ADDED from AndroidManifest.xml:177:13
	android:name
		ADDED from AndroidManifest.xml:176:13
activity#com.google.android.apps.dashclock.gmail.GmailSettingsActivity
ADDED from AndroidManifest.xml:192:9
	android:label
		ADDED from AndroidManifest.xml:194:13
	android:theme
		ADDED from AndroidManifest.xml:193:13
	android:name
		ADDED from AndroidManifest.xml:192:19
service#com.google.android.apps.dashclock.calendar.CalendarExtension
ADDED from AndroidManifest.xml:196:9
	android:label
		ADDED from AndroidManifest.xml:199:13
	android:permission
		ADDED from AndroidManifest.xml:200:13
	android:icon
		ADDED from AndroidManifest.xml:198:13
	android:name
		ADDED from AndroidManifest.xml:197:13
activity#com.google.android.apps.dashclock.calendar.CalendarSettingsActivity
ADDED from AndroidManifest.xml:213:9
	android:label
		ADDED from AndroidManifest.xml:215:13
	android:theme
		ADDED from AndroidManifest.xml:214:13
	android:name
		ADDED from AndroidManifest.xml:213:19
service#com.google.android.apps.dashclock.phone.MissedCallsExtension
ADDED from AndroidManifest.xml:217:9
	android:label
		ADDED from AndroidManifest.xml:220:13
	android:permission
		ADDED from AndroidManifest.xml:221:13
	android:icon
		ADDED from AndroidManifest.xml:219:13
	android:name
		ADDED from AndroidManifest.xml:218:13
service#com.google.android.apps.dashclock.phone.SmsExtension
ADDED from AndroidManifest.xml:232:9
	android:label
		ADDED from AndroidManifest.xml:235:13
	android:permission
		ADDED from AndroidManifest.xml:236:13
	android:icon
		ADDED from AndroidManifest.xml:234:13
	android:name
		ADDED from AndroidManifest.xml:233:13
activity#com.google.android.apps.dashclock.configuration.DaydreamProxyActivity
ADDED from AndroidManifest.xml:249:9
	android:theme
		ADDED from AndroidManifest.xml:251:13
	android:name
		ADDED from AndroidManifest.xml:250:13
service#com.google.android.apps.dashclock.DaydreamService
ADDED from AndroidManifest.xml:254:9
	android:exported
		ADDED from AndroidManifest.xml:256:13
	android:permission
		ADDED from AndroidManifest.xml:257:13
	android:name
		ADDED from AndroidManifest.xml:255:13
intent-filter#android.intent.category.DEFAULT+android.service.dreams.DreamService
ADDED from AndroidManifest.xml:258:13
action#android.service.dreams.DreamService
ADDED from AndroidManifest.xml:259:17
	android:name
		ADDED from AndroidManifest.xml:259:25
meta-data#android.service.dream
ADDED from AndroidManifest.xml:262:13
	android:resource
		ADDED from AndroidManifest.xml:264:17
	android:name
		ADDED from AndroidManifest.xml:263:17
meta-data#com.google.android.backup.api_key
ADDED from AndroidManifest.xml:269:9
	android:value
		ADDED from AndroidManifest.xml:270:13
	android:name
		ADDED from AndroidManifest.xml:269:20
provider#com.google.android.apps.dashclock.LogAttachmentProvider
ADDED from AndroidManifest.xml:274:9
	android:authorities
		ADDED from AndroidManifest.xml:275:13
	android:exported
		ADDED from AndroidManifest.xml:276:13
	android:name
		ADDED from AndroidManifest.xml:274:19
meta-data#com.google.android.gms.version
ADDED from AndroidManifest.xml:280:9
MERGED from com.google.android.gms:play-services-base:7.0.0:21:9
MERGED from com.google.android.gms:play-services-base:7.0.0:21:9
MERGED from com.google.android.gms:play-services-base:7.0.0:21:9
	android:value
		ADDED from AndroidManifest.xml:281:13
	android:name
		ADDED from AndroidManifest.xml:280:20
activity#com.google.android.apps.dashclock.ExtensionSettingActivityProxy
ADDED from AndroidManifest.xml:283:9
	android:exported
		ADDED from AndroidManifest.xml:286:13
	android:theme
		ADDED from AndroidManifest.xml:285:13
	android:name
		ADDED from AndroidManifest.xml:284:13
receiver#com.google.android.apps.dashclock.ExtensionPackageChangeReceiver
ADDED from AndroidManifest.xml:288:9
	android:name
		ADDED from AndroidManifest.xml:288:19
intent-filter#android.intent.action.PACKAGE_ADDED+android.intent.action.PACKAGE_CHANGED+android.intent.action.PACKAGE_REMOVED+android.intent.action.PACKAGE_REPLACED
ADDED from AndroidManifest.xml:289:13
action#android.intent.action.PACKAGE_ADDED
ADDED from AndroidManifest.xml:290:17
	android:name
		ADDED from AndroidManifest.xml:290:25
action#android.intent.action.PACKAGE_CHANGED
ADDED from AndroidManifest.xml:291:17
	android:name
		ADDED from AndroidManifest.xml:291:25
action#android.intent.action.PACKAGE_REPLACED
ADDED from AndroidManifest.xml:292:17
	android:name
		ADDED from AndroidManifest.xml:292:25
action#android.intent.action.PACKAGE_REMOVED
ADDED from AndroidManifest.xml:293:17
	android:name
		ADDED from AndroidManifest.xml:293:25
data
ADDED from AndroidManifest.xml:294:17
	android:scheme
		ADDED from AndroidManifest.xml:294:23
receiver#com.google.android.apps.dashclock.PeriodicExtensionRefreshReceiver
ADDED from AndroidManifest.xml:298:9
	android:exported
		ADDED from AndroidManifest.xml:299:13
	android:name
		ADDED from AndroidManifest.xml:298:19
receiver#com.google.android.apps.dashclock.MultiplexerOnlyModeReceiver
ADDED from AndroidManifest.xml:301:9
	android:permission
		ADDED from AndroidManifest.xml:302:13
	android:name
		ADDED from AndroidManifest.xml:301:19
intent-filter#com.google.android.apps.dashclock.action.MULTIPLEXER_ONLY_MODE
ADDED from AndroidManifest.xml:303:13
action#com.google.android.apps.dashclock.action.MULTIPLEXER_ONLY_MODE
ADDED from AndroidManifest.xml:304:17
	android:name
		ADDED from AndroidManifest.xml:304:25
activity#com.google.android.apps.dashclock.EnableForceWorldReadableDialogActivity
ADDED from AndroidManifest.xml:308:9
	android:excludeFromRecents
		ADDED from AndroidManifest.xml:310:13
	android:exported
		ADDED from AndroidManifest.xml:311:13
	android:theme
		ADDED from AndroidManifest.xml:309:13
	android:name
		ADDED from AndroidManifest.xml:308:19
intent-filter#android.intent.category.DEFAULT+com.google.android.apps.dashclock.action.ASK_ENABLE_FORCE_WORLD_READABLE
ADDED from AndroidManifest.xml:312:13
action#com.google.android.apps.dashclock.action.ASK_ENABLE_FORCE_WORLD_READABLE
ADDED from AndroidManifest.xml:313:17
	android:name
		ADDED from AndroidManifest.xml:313:25
uses-sdk
INJECTED from AndroidManifest.xml:0:0 reason: use-sdk injection requested
MERGED from com.android.support:support-v13:21.0.3:15:5
MERGED from com.android.support:support-v4:22.1.0:20:5
MERGED from com.android.support:appcompat-v7:22.1.0:20:5
MERGED from com.android.support:support-v4:22.1.0:20:5
MERGED from com.google.android.gms:play-services-base:7.0.0:18:5
MERGED from com.android.support:support-v4:22.1.0:20:5
MERGED from com.google.android.gms:play-services-location:7.0.0:18:5
MERGED from com.google.android.gms:play-services-base:7.0.0:18:5
MERGED from com.android.support:support-v4:22.1.0:20:5
MERGED from com.google.android.gms:play-services-maps:7.0.0:18:5
MERGED from com.google.android.gms:play-services-base:7.0.0:18:5
MERGED from com.android.support:support-v4:22.1.0:20:5
MERGED from com.mobeta.android.dslv:drag-sort-listview:0.6.1:2:5
MERGED from com.android.support:support-v4:22.1.0:20:5
	android:targetSdkVersion
		INJECTED from AndroidManifest.xml:0:0
		INJECTED from AndroidManifest.xml:0:0
	android:minSdkVersion
		INJECTED from AndroidManifest.xml:0:0
		INJECTED from AndroidManifest.xml:0:0